<?xml version="1.0" encoding="UTF-8"?>
<!-- Generated by org.testng.reporters.JUnitReportReporter -->
<testsuite hostname="DESKTOP-VL2EGPT" name="methods.GetVacPublicReport" tests="2" failures="0" timestamp="25 Oct 2021 16:51:05 GMT" time="2.688" errors="0">
  <testcase name="validateDate" time="0.269" classname="methods.GetVacPublicReport"/>
  <testcase name="sendGetRequest" time="2.419" classname="methods.GetVacPublicReport"/>
</testsuite> <!-- methods.GetVacPublicReport -->
