<?xml version="1.0" encoding="UTF-8"?>
<!-- Generated by org.testng.reporters.JUnitReportReporter -->
<testsuite hostname="DESKTOP-VL2EGPT" name="methods.GetMethod" tests="1" failures="0" timestamp="10 Oct 2021 10:25:33 GMT" time="2.002" errors="0">
  <testcase name="execute" time="2.002" classname="methods.GetMethod"/>
</testsuite> <!-- methods.GetMethod -->
