<?xml version="1.0" encoding="UTF-8"?>
<!-- Generated by org.testng.reporters.JUnitReportReporter -->
<testsuite hostname="DESKTOP-VL2EGPT" name="methods.PostRequest" tests="2" failures="0" timestamp="10 Oct 2021 19:23:42 GMT" time="2.908" errors="0">
  <testcase name="postMethod" time="2.369" classname="methods.PostRequest"/>
  <testcase name="extractTxnId" time="0.539" classname="methods.PostRequest"/>
</testsuite> <!-- methods.PostRequest -->
