<?xml version="1.0" encoding="UTF-8"?>
<!-- Generated by org.testng.reporters.JUnitReportReporter -->
<testsuite hostname="DESKTOP-VL2EGPT" name="methods.GetVacPublicReport" tests="2" failures="0" timestamp="3 Oct 2021 18:42:16 GMT" time="2.346" errors="0">
  <testcase name="validateDate" time="0.310" classname="methods.GetVacPublicReport"/>
  <testcase name="sendGetRequest" time="2.036" classname="methods.GetVacPublicReport"/>
</testsuite> <!-- methods.GetVacPublicReport -->
