<?xml version="1.0" encoding="UTF-8"?>
<!-- Generated by org.testng.reporters.JUnitReportReporter -->
<testsuite hostname="DESKTOP-VL2EGPT" name="methods.PostRequest" tests="2" failures="0" timestamp="30 Sep 2021 10:59:49 GMT" time="1.465" errors="0">
  <testcase name="postMethod" time="0.944" classname="methods.PostRequest"/>
  <testcase name="extractTxnId" time="0.521" classname="methods.PostRequest"/>
</testsuite> <!-- methods.PostRequest -->
