<?xml version="1.0" encoding="UTF-8"?>
<!-- Generated by org.testng.reporters.JUnitReportReporter -->
<testsuite hostname="DESKTOP-VL2EGPT" name="methods.GetStateWiseList" tests="4" failures="0" timestamp="25 Oct 2021 20:00:47 GMT" time="3.143" errors="0">
  <testcase name="ageWiseData" time="0.088" classname="methods.GetStateWiseList"/>
  <testcase name="printResponse" time="0.013" classname="methods.GetStateWiseList"/>
  <testcase name="validateJsonPath" time="1.179" classname="methods.GetStateWiseList"/>
  <testcase name="f" time="1.863" classname="methods.GetStateWiseList"/>
</testsuite> <!-- methods.GetStateWiseList -->
