<?xml version="1.0" encoding="UTF-8"?>
<!-- Generated by org.testng.reporters.JUnitReportReporter -->
<testsuite hostname="DESKTOP-VL2EGPT" name="methods.GetStateWiseList" tests="4" failures="0" timestamp="19 Sep 2021 19:42:57 GMT" time="3.612" errors="0">
  <testcase name="f" time="1.950" classname="methods.GetStateWiseList"/>
  <testcase name="printResponse" time="0.272" classname="methods.GetStateWiseList"/>
  <testcase name="validateJsonPath" time="1.311" classname="methods.GetStateWiseList"/>
  <testcase name="ageWiseData" time="0.079" classname="methods.GetStateWiseList"/>
</testsuite> <!-- methods.GetStateWiseList -->
