<?xml version="1.0" encoding="UTF-8"?>
<!-- Generated by org.testng.reporters.JUnitReportReporter -->
<testsuite hostname="DESKTOP-VL2EGPT" name="methods.LiveStation" tests="1" failures="0" timestamp="9 Oct 2021 18:29:31 GMT" time="1.805" errors="0">
  <testcase name="fetchData" time="1.805" classname="methods.LiveStation"/>
</testsuite> <!-- methods.LiveStation -->
