<?xml version="1.0" encoding="UTF-8"?>
<!-- Generated by org.testng.reporters.JUnitReportReporter -->
<testsuite hostname="DESKTOP-VL2EGPT" name="methods.GetMethod" tests="1" failures="0" timestamp="17 Sep 2021 19:59:11 GMT" time="0.933" errors="0">
  <testcase name="execute" time="0.933" classname="methods.GetMethod"/>
</testsuite> <!-- methods.GetMethod -->
