<?xml version="1.0" encoding="UTF-8"?>
<!-- Generated by org.testng.reporters.JUnitReportReporter -->
<testsuite hostname="DESKTOP-VL2EGPT" name="methods.FetchVaccinationDetails" tests="2" failures="0" timestamp="10 Oct 2021 10:04:31 GMT" time="3.783" errors="0">
  <testcase name="sendGetRequest" time="1.833" classname="methods.FetchVaccinationDetails"/>
  <testcase name="dataValidation" time="1.950" classname="methods.FetchVaccinationDetails"/>
</testsuite> <!-- methods.FetchVaccinationDetails -->
