<?xml version="1.0" encoding="UTF-8"?>
<!-- Generated by org.testng.reporters.JUnitReportReporter -->
<testsuite hostname="DESKTOP-VL2EGPT" name="methods.CowinLiveStatus" tests="1" failures="0" timestamp="17 Sep 2021 20:47:27 GMT" time="0.961" errors="0">
  <testcase name="f" time="0.961" classname="methods.CowinLiveStatus"/>
</testsuite> <!-- methods.CowinLiveStatus -->
