<?xml version="1.0" encoding="UTF-8"?>
<!-- Generated by org.testng.reporters.JUnitReportReporter -->
<testsuite hostname="DESKTOP-VL2EGPT" name="methods.GetMethodParams" tests="1" failures="0" timestamp="17 Sep 2021 20:32:58 GMT" time="1.576" errors="0">
  <testcase name="execute" time="1.576" classname="methods.GetMethodParams"/>
</testsuite> <!-- methods.GetMethodParams -->
